2	2023.01.02 22:39:37.706	Trade	'8519197':  order sell 0.50 GBPJPY opening at market sl: 0.000 tp: 0.000 failed [Not enough money]
0	2023.01.02 22:39:37.239	Trade	'8519197':  order sell market 0.50 GBPJPY sl: 0.000 tp: 0.000
2	2023.01.02 22:39:30.640	Trade	'8519197':  order sell 0.50 GBPJPY opening at market sl: 0.000 tp: 0.000 failed [Not enough money]
0	2023.01.02 22:39:30.281	Trade	'8519197':  order sell market 0.50 GBPJPY sl: 0.000 tp: 0.000
0	2023.01.02 22:06:36.004	Debug	'8519197': order #175644329 buy 0.05 EURUSD at 1.06526 closed due stop-loss at price 1.06606, profit: 3.75 EUR
0	2023.01.02 22:06:35.934	Trade	'8519197': order #175644329 buy 0.05 EURUSD at 1.06526 closed due stop-loss at price 1.06606
0	2023.01.02 22:06:34.118	Debug	'8519197': order #175644852 buy 0.05 XAUUSD at 1828.53 closed due stop-loss at price 1829.33, profit: 3.75 EUR
0	2023.01.02 22:06:34.007	Trade	'8519197': order #175644852 buy 0.05 XAUUSD at 1828.53 closed due stop-loss at price 1829.33
0	2023.01.02 21:12:10.845	Debug	'8519197': order #175644852 buy 0.05 XAUUSD at 1828.53 modified: sl: 1824.53 tp: 0.00 -> sl: 1829.33 tp: 0.00
0	2023.01.02 20:51:20.554	Debug	'8519197': order #175644329 buy 0.05 EURUSD at 1.06526 modified: sl: 1.06355 tp: 1.07070 -> sl: 1.06606 tp: 1.07070
0	2023.01.02 20:29:53.047	Trade	'8519197':  order #175644329 buy 0.05 EURUSD at 1.06526 was modified -> sl: 1.06355, tp: 1.07070
0	2023.01.02 20:29:53.017	Debug	'8519197': order #175644329 buy 0.05 EURUSD at 1.06526 modified: sl: 1.06126 tp: 1.07070 -> sl: 1.06355 tp: 1.07070
0	2023.01.02 20:29:52.631	Trade	'8519197':  modify order #175644329 buy 0.05 EURUSD at 1.06526 sl: 1.06126, tp: 1.07070 -> sl: 1.06355, tp: 1.07070
0	2023.01.02 20:28:57.507	Debug	'8519197': order #175644852 buy 0.05 XAUUSD at 1828.53 modified: sl: 0.00 tp: 0.00 -> sl: 1824.53 tp: 0.00
0	2023.01.02 20:28:56.744	Trade	'8519197': order was opened : #175644852 buy 0.05 XAUUSD at 1828.53 sl: 0.00 tp: 0.00
0	2023.01.02 20:28:56.718	Debug	'8519197': order opened #175644852 buy 0.05 XAUUSD at 1828.53
0	2023.01.02 20:28:56.393	Trade	'8519197':  order buy market 0.05 XAUUSD sl: 0.00 tp: 0.00
0	2023.01.02 20:23:52.809	Trade	'8519197':  order #175644329 buy 0.05 EURUSD at 1.06526 was modified -> sl: 1.06126, tp: 1.07070
0	2023.01.02 20:23:52.733	Debug	'8519197': order #175644329 buy 0.05 EURUSD at 1.06526 modified: sl: 1.06126 tp: 0.00000 -> sl: 1.06126 tp: 1.07070
0	2023.01.02 20:23:52.329	Trade	'8519197':  modify order #175644329 buy 0.05 EURUSD at 1.06526 sl: 1.06126, tp: 0.00000 -> sl: 1.06126, tp: 1.07070
0	2023.01.02 20:18:55.451	Debug	'8519197': order #175644329 buy 0.05 EURUSD at 1.06526 modified: sl: 0.00000 tp: 0.00000 -> sl: 1.06126 tp: 0.00000
0	2023.01.02 20:18:55.346	Trade	'8519197': order was opened : #175644329 buy 0.05 EURUSD at 1.06526 sl: 0.00000 tp: 0.00000
0	2023.01.02 20:18:55.330	Debug	'8519197': order opened #175644329 buy 0.05 EURUSD at 1.06526
0	2023.01.02 20:18:54.959	Trade	'8519197':  order buy market 0.05 EURUSD sl: 0.00000 tp: 0.00000
0	2023.01.02 20:16:06.102	Debug	'8519197': order #175630309 buy 0.05 XAUUSD at 1819.98 closed due stop-loss at price 1825.68, profit: 26.74 EUR
0	2023.01.02 20:16:06.046	Trade	'8519197': order #175630309 buy 0.05 XAUUSD at 1819.98 closed due stop-loss at price 1825.68
0	2023.01.02 20:07:17.581	Debug	'8519197': order #175630309 buy 0.05 XAUUSD at 1819.98 modified: sl: 1825.64 tp: 0.00 -> sl: 1825.68 tp: 0.00
0	2023.01.02 20:07:13.058	Debug	'8519197': order #175630309 buy 0.05 XAUUSD at 1819.98 modified: sl: 1825.60 tp: 0.00 -> sl: 1825.64 tp: 0.00
0	2023.01.02 20:07:12.189	Debug	'8519197': order #175630309 buy 0.05 XAUUSD at 1819.98 modified: sl: 1825.56 tp: 0.00 -> sl: 1825.60 tp: 0.00
0	2023.01.02 20:07:10.142	Debug	'8519197': order #175630309 buy 0.05 XAUUSD at 1819.98 modified: sl: 1825.52 tp: 0.00 -> sl: 1825.56 tp: 0.00
0	2023.01.02 20:07:08.869	Debug	'8519197': order #175630309 buy 0.05 XAUUSD at 1819.98 modified: sl: 1825.43 tp: 0.00 -> sl: 1825.52 tp: 0.00
0	2023.01.02 20:07:06.155	Debug	'8519197': order #175630309 buy 0.05 XAUUSD at 1819.98 modified: sl: 1825.36 tp: 0.00 -> sl: 1825.43 tp: 0.00
0	2023.01.02 20:07:04.797	Debug	'8519197': order #175630309 buy 0.05 XAUUSD at 1819.98 modified: sl: 1825.30 tp: 0.00 -> sl: 1825.36 tp: 0.00
0	2023.01.02 20:07:03.094	Debug	'8519197': order #175630309 buy 0.05 XAUUSD at 1819.98 modified: sl: 1825.23 tp: 0.00 -> sl: 1825.30 tp: 0.00
0	2023.01.02 20:07:01.629	Debug	'8519197': order #175630309 buy 0.05 XAUUSD at 1819.98 modified: sl: 1825.15 tp: 0.00 -> sl: 1825.23 tp: 0.00
0	2023.01.02 20:06:37.836	Debug	'8519197': order #175630309 buy 0.05 XAUUSD at 1819.98 modified: sl: 1825.11 tp: 0.00 -> sl: 1825.15 tp: 0.00
0	2023.01.02 20:06:37.653	Debug	'8519197': order #175630309 buy 0.05 XAUUSD at 1819.98 modified: sl: 1824.81 tp: 0.00 -> sl: 1825.11 tp: 0.00
0	2023.01.02 20:06:35.808	Debug	'8519197': order #175630309 buy 0.05 XAUUSD at 1819.98 modified: sl: 1824.63 tp: 0.00 -> sl: 1824.81 tp: 0.00
0	2023.01.02 20:06:33.789	Debug	'8519197': order #175630309 buy 0.05 XAUUSD at 1819.98 modified: sl: 1824.58 tp: 0.00 -> sl: 1824.63 tp: 0.00
0	2023.01.02 20:06:30.203	Debug	'8519197': order #175630309 buy 0.05 XAUUSD at 1819.98 modified: sl: 1824.52 tp: 0.00 -> sl: 1824.58 tp: 0.00
0	2023.01.02 20:06:25.901	Debug	'8519197': order #175630309 buy 0.05 XAUUSD at 1819.98 modified: sl: 1824.36 tp: 0.00 -> sl: 1824.52 tp: 0.00
0	2023.01.02 20:06:18.156	Debug	'8519197': order #175630309 buy 0.05 XAUUSD at 1819.98 modified: sl: 1824.26 tp: 0.00 -> sl: 1824.36 tp: 0.00
0	2023.01.02 20:05:18.655	Debug	'8519197': order #175630309 buy 0.05 XAUUSD at 1819.98 modified: sl: 1823.54 tp: 0.00 -> sl: 1824.26 tp: 0.00
0	2023.01.02 20:05:16.472	Debug	'8519197': order #175630309 buy 0.05 XAUUSD at 1819.98 modified: sl: 1823.20 tp: 0.00 -> sl: 1823.54 tp: 0.00
0	2023.01.02 20:05:14.352	Debug	'8519197': order #175630309 buy 0.05 XAUUSD at 1819.98 modified: sl: 1823.13 tp: 0.00 -> sl: 1823.20 tp: 0.00
0	2023.01.02 20:05:03.176	Debug	'8519197': order #175630309 buy 0.05 XAUUSD at 1819.98 modified: sl: 1823.07 tp: 0.00 -> sl: 1823.13 tp: 0.00
0	2023.01.02 20:05:01.704	Debug	'8519197': order #175630309 buy 0.05 XAUUSD at 1819.98 modified: sl: 1820.78 tp: 0.00 -> sl: 1823.07 tp: 0.00
0	2023.01.02 20:00:32.919	Debug	'8519197': order #175630309 buy 0.05 XAUUSD at 1819.98 modified: sl: 1815.98 tp: 0.00 -> sl: 1820.78 tp: 0.00
0	2023.01.02 19:10:14.773	Debug	'8519197': order #175638665 sell 0.05 GBPJPY at 157.442 closed due stop-loss at price 157.842, profit: -14.33 EUR
0	2023.01.02 19:10:14.746	Trade	'8519197': order #175638665 sell 0.05 GBPJPY at 157.442 closed due stop-loss at price 157.842
0	2023.01.02 19:07:26.310	Debug	'8519197': order #175629429 sell 0.05 USDJPY at 131.022 closed due stop-loss at price 130.942, profit: 2.87 EUR
0	2023.01.02 19:07:26.274	Trade	'8519197': order #175629429 sell 0.05 USDJPY at 131.022 closed due stop-loss at price 130.942
0	2023.01.02 16:17:54.100	Network	'8519197': connection to trade server established
0	2023.01.02 16:17:54.076	Network	'8519197': authorized on Pepperstone-Demo02
0	2023.01.02 16:17:52.880	Debug	'8519197': websocket connection is successfully established on
0	2023.01.02 16:17:52.394	Debug	'8519197': token for authorization received (server: gwt8.mql5.com:443)
0	2023.01.02 16:17:52.141	Debug	'8519197': request for authorization token
2	2023.01.02 16:17:51.011	Network	'8519197': connection failed!
2	2023.01.02 16:17:51.008	Debug	'8519197': websocket connection was suddenly closed
0	2023.01.02 10:47:10.818	Network	'8519197': connection to trade server established
0	2023.01.02 10:47:10.804	Network	'8519197': authorized on Pepperstone-Demo02
0	2023.01.02 10:47:09.438	Debug	'8519197': websocket connection is successfully established on
0	2023.01.02 10:47:08.828	Debug	'8519197': token for authorization received (server: gwt8.mql5.com:443)
0	2023.01.02 10:47:08.579	Debug	'8519197': request for authorization token
2	2023.01.02 10:47:07.449	Network	'8519197': connection failed!
2	2023.01.02 10:47:07.446	Debug	'8519197': websocket connection was suddenly closed
0	2023.01.02 10:34:56.704	Debug	'8519197': order #175638665 sell 0.05 GBPJPY at 157.442 modified: sl: 0.000 tp: 0.000 -> sl: 157.842 tp: 0.000
0	2023.01.02 10:34:45.060	Trade	'8519197': order was opened : #175638665 sell 0.05 GBPJPY at 157.442 sl: 0.000 tp: 0.000
0	2023.01.02 10:34:45.033	Debug	'8519197': order opened #175638665 sell 0.05 GBPJPY at 157.442
0	2023.01.02 10:34:44.647	Trade	'8519197':  order sell market 0.05 GBPJPY sl: 0.000 tp: 0.000
0	2023.01.02 09:04:01.061	Debug	'8519197': order #175629429 sell 0.05 USDJPY at 131.022 modified: sl: 131.422 tp: 0.000 -> sl: 130.942 tp: 0.000
0	2023.01.02 05:23:50.183	Network	'8519197': connection to trade server established
0	2023.01.02 05:23:50.163	Network	'8519197': authorized on Pepperstone-Demo02
0	2023.01.02 05:23:48.993	Debug	'8519197': websocket connection is successfully established on
0	2023.01.02 05:23:48.363	Debug	'8519197': token for authorization received (server: gwt8.mql5.com:443)
0	2023.01.02 05:23:48.048	Debug	'8519197': request for authorization token
2	2023.01.02 05:23:46.928	Network	'8519197': connection failed!
2	2023.01.02 05:23:46.926	Debug	'8519197': websocket connection was suddenly closed
0	2023.01.02 04:26:52.837	Debug	'8519197': order #175629446 sell 0.05 USDCHF at 0.92237 closed due stop-loss at price 0.92637, profit: -20.23 EUR
0	2023.01.02 04:26:52.812	Trade	'8519197': order #175629446 sell 0.05 USDCHF at 0.92237 closed due stop-loss at price 0.92637
0	2023.01.02 04:26:52.644	Debug	'8519197': order #175629089 buy 0.05 EURUSD at 1.07058 closed due stop-loss at price 1.06658, profit: -18.75 EUR
0	2023.01.02 04:26:52.617	Trade	'8519197': order #175629089 buy 0.05 EURUSD at 1.07058 closed due stop-loss at price 1.06658
0	2023.01.02 01:33:19.372	Network	'8519197': connection to trade server established
0	2023.01.02 01:33:19.348	Network	'8519197': authorized on Pepperstone-Demo02
0	2023.01.02 01:33:18.255	Debug	'8519197': websocket connection is successfully established on
0	2023.01.02 01:33:17.638	Debug	'8519197': token for authorization received (server: gwt8.mql5.com:443)
0	2023.01.02 01:33:17.232	Debug	'8519197': request for authorization token
2	2023.01.02 01:33:16.093	Network	'8519197': connection failed!
2	2023.01.02 01:33:16.089	Debug	'8519197': websocket connection was suddenly closed
0	2023.01.01 23:19:11.562	Network	'8519197': connection to trade server established
0	2023.01.01 23:19:11.540	Network	'8519197': authorized on Pepperstone-Demo02
0	2023.01.01 23:19:10.321	Debug	'8519197': websocket connection is successfully established on
0	2023.01.01 23:19:09.698	Debug	'8519197': token for authorization received (server: gwt8.mql5.com:443)
0	2023.01.01 23:19:09.442	Debug	'8519197': request for authorization token
2	2023.01.01 23:19:08.330	Network	'8519197': connection failed!
2	2023.01.01 23:19:08.327	Debug	'8519197': websocket connection was suddenly closed
0	2023.01.01 23:00:20.928	Network	'8519197': connection to trade server established
0	2023.01.01 23:00:20.906	Network	'8519197': authorized on Pepperstone-Demo02
0	2023.01.01 23:00:19.760	Debug	'8519197': websocket connection is successfully established on
0	2023.01.01 23:00:19.135	Debug	'8519197': token for authorization received (server: gwt8.mql5.com:443)
0	2023.01.01 23:00:18.763	Debug	'8519197': request for authorization token
2	2023.01.01 23:00:17.637	Network	'8519197': connection failed!
2	2023.01.01 23:00:17.634	Debug	'8519197': websocket connection was suddenly closed
0	2023.01.01 22:00:23.024	Network	'8519197': connection to trade server established
0	2023.01.01 22:00:23.015	Network	'8519197': authorized on Pepperstone-Demo02
0	2023.01.01 22:00:21.886	Debug	'8519197': websocket connection is successfully established on
0	2023.01.01 22:00:21.052	Debug	'8519197': token for authorization received (server: gwt8.mql5.com:443)
0	2023.01.01 22:00:20.992	Debug	'8519197': request for authorization token
0	2023.01.01 22:00:20.733	Terminal	MetaTrader Web Trader started (rev. 238, 03 Jun 2021)
0	2023.01.01 22:00:20.732	Debug	Initializing local storage was successful
0	2023.01.01 22:00:20.719	Debug	Initializing environment was successful (referrer: webtrader.pepperstone.com (trusted), language: pt, timezone: GMT-03:00, default charset: windows-1252, localStorage: true (remaining space: 5.0 Mb), indexedDB: true, cookie: true, webGL: true, user-Agent: Mozilla/5.0 (Windows NT 10.0; Win64; x64) AppleWebKit/537.36 (KHTML, like Gecko) Chrome/106.0.0.0 Safari/537.36)
0	2023.01.01 22:00:20.717	Debug	Initializing crypto api was successful
0	2023.01.01 22:00:20.700	Debug	Initializing start (login: 0, trade_server: not specified, servers: Pepperstone-Edge01, Pepperstone-Edge02, Pepperstone-Edge03, Pepperstone-Edge04, Pepperstone-Edge05, Pepperstone-Edge06, Pepperstone-Edge07, Pepperstone-Edge08, Pepperstone-Edge09, PepperstoneUK-Edge10, Pepperstone-Edge11, Pepperstone-Edge12, Pepperstone-Edge14, Pepperstone-Demo01, Pepperstone-Demo02, PepperstoneUK-Demo03)
